python3: can't open file 'CSharpExtractor/extract.py': [Errno 2] No such file or directory
python3: can't open file 'CSharpExtractor/extract.py': [Errno 2] No such file or directory
python3: can't open file 'CSharpExtractor/extract.py': [Errno 2] No such file or directory
python3: can't open file 'CSharpExtractor/extract.py': [Errno 2] No such file or directory
python3: can't open file 'CSharpExtractor/extract.py': [Errno 2] No such file or directory
python3: can't open file 'CSharpExtractor/extract.py': [Errno 2] No such file or directory
python3: can't open file 'CSharpExtractor/extract.py': [Errno 2] No such file or directory
python3: can't open file 'CSharpExtractor/extract.py': [Errno 2] No such file or directory
python3: can't open file 'CSharpExtractor/extract.py': [Errno 2] No such file or directory
python3: can't open file 'CSharpExtractor/extract.py': [Errno 2] No such file or directory
python3: can't open file 'CSharpExtractor/extract.py': [Errno 2] No such file or directory
python3: can't open file 'CSharpExtractor/extract.py': [Errno 2] No such file or directory
Traceback (most recent call last):
  File "JavaExtractor/extract.py", line 92, in <module>
    subdirs = get_immediate_subdirectories(args.dir)
  File "JavaExtractor/extract.py", line 14, in get_immediate_subdirectories
    return [(os.path.join(a_dir, name)) for name in os.listdir(a_dir)
FileNotFoundError: [Errno 2] No such file or directory: 'java_code_valid'
Traceback (most recent call last):
  File "JavaExtractor/extract.py", line 92, in <module>
    subdirs = get_immediate_subdirectories(args.dir)
  File "JavaExtractor/extract.py", line 14, in get_immediate_subdirectories
    return [(os.path.join(a_dir, name)) for name in os.listdir(a_dir)
FileNotFoundError: [Errno 2] No such file or directory: 'java_code_test'
Traceback (most recent call last):
  File "JavaExtractor/extract.py", line 92, in <module>
    subdirs = get_immediate_subdirectories(args.dir)
  File "JavaExtractor/extract.py", line 14, in get_immediate_subdirectories
    return [(os.path.join(a_dir, name)) for name in os.listdir(a_dir)
FileNotFoundError: [Errno 2] No such file or directory: 'java_code_valid'
Traceback (most recent call last):
  File "JavaExtractor/extract.py", line 92, in <module>
    subdirs = get_immediate_subdirectories(args.dir)
  File "JavaExtractor/extract.py", line 14, in get_immediate_subdirectories
    return [(os.path.join(a_dir, name)) for name in os.listdir(a_dir)
FileNotFoundError: [Errno 2] No such file or directory: 'java_code_test'
Traceback (most recent call last):
  File "JavaExtractor/extract.py", line 92, in <module>
    subdirs = get_immediate_subdirectories(args.dir)
  File "JavaExtractor/extract.py", line 14, in get_immediate_subdirectories
    return [(os.path.join(a_dir, name)) for name in os.listdir(a_dir)
FileNotFoundError: [Errno 2] No such file or directory: 'java_code_valid'
Traceback (most recent call last):
  File "JavaExtractor/extract.py", line 92, in <module>
    subdirs = get_immediate_subdirectories(args.dir)
  File "JavaExtractor/extract.py", line 14, in get_immediate_subdirectories
    return [(os.path.join(a_dir, name)) for name in os.listdir(a_dir)
FileNotFoundError: [Errno 2] No such file or directory: 'java_code_test'
dir: java_code_valid/data89 was not completed in time
dir: java_code_valid/data80 was not completed in time
dir: java_code_valid/data74 was not completed in time
dir: java_code_valid/data73 was not completed in time
dir: java_code_valid/data87 was not completed in time
dir: java_code_valid/data32 was not completed in time
dir: java_code_valid/data7 was not completed in time
dir: java_code_valid/data59 was not completed in time
dir: java_code_valid/data92 was not completed in time
dir: java_code_valid/data66 was not completed in time
dir: java_code_valid/data48 was not completed in time
dir: java_code_valid/data55 was not completed in time
dir: java_code_valid/data99 was not completed in time
dir: java_code_valid/data52 was not completed in time
dir: java_code_valid/data5 was not completed in time
dir: java_code_valid/data11 was not completed in time
dir: java_code_valid/data33 was not completed in time
dir: java_code_valid/data34 was not completed in time
dir: java_code_valid/data51 was not completed in time
dir: java_code_valid/data69 was not completed in time
dir: java_code_valid/data9 was not completed in time
dir: java_code_valid/data50 was not completed in time
dir: java_code_valid/data14 was not completed in time
dir: java_code_valid/data13 was not completed in time
dir: java_code_valid/data25 was not completed in time
dir: java_code_valid/data64 was not completed in time
dir: java_code_valid/data90 was not completed in time
dir: java_code_valid/data2 was not completed in time
dir: java_code_valid/data97 was not completed in time
dir: java_code_valid/data63 was not completed in time
dir: java_code_valid/data86 was not completed in time
dir: java_code_valid/data72 was not completed in time
dir: java_code_valid/data75 was not completed in time
dir: java_code_valid/data81 was not completed in time
dir: java_code_valid/data43 was not completed in time
dir: java_code_valid/data0 was not completed in time
dir: java_code_valid/data61 was not completed in time
dir: java_code_valid/data95 was not completed in time
dir: java_code_valid/data68 was not completed in time
dir: java_code_valid/data57 was not completed in time
dir: java_code_valid/data79 was not completed in time
dir: java_code_valid/data70 was not completed in time
dir: java_code_valid/data84 was not completed in time
dir: java_code_valid/data83 was not completed in time
dir: java_code_valid/data77 was not completed in time
dir: java_code_valid/data88 was not completed in time
dir: java_code_valid/data44 was not completed in time
dir: java_code_valid/data10 was not completed in time
dir: java_code_valid/data28 was not completed in time
dir: java_code_valid/data17 was not completed in time
dir: java_code_valid/data22 was not completed in time
dir: java_code_valid/data76 was not completed in time
dir: java_code_valid/data82 was not completed in time
dir: java_code_valid/data49 was not completed in time
dir: java_code_valid/data85 was not completed in time
dir: java_code_valid/data37 was not completed in time
dir: java_code_valid/data30 was not completed in time
dir: java_code_valid/data39 was not completed in time
dir: java_code_valid/data3 was not completed in time
dir: java_code_valid/data62 was not completed in time
dir: java_code_valid/data21 was not completed in time
dir: java_code_valid/data19 was not completed in time
dir: java_code_valid/data26 was not completed in time
dir: java_code_valid/data45 was not completed in time
dir: java_code_valid/data42 was not completed in time
dir: java_code_valid/data6 was not completed in time
dir: java_code_valid/data58 was not completed in time
dir: java_code_valid/data67 was not completed in time
dir: java_code_valid/data93 was not completed in time
dir: java_code_valid/data35 was not completed in time
dir: java_code_valid/data71 was not completed in time
dir: java_code_valid/data47 was not completed in time
dir: java_code_valid/data78 was not completed in time
dir: java_code_valid/data40 was not completed in time
dir: java_code_valid/data23 was not completed in time
dir: java_code_valid/data96 was not completed in time
dir: java_code_valid/data4 was not completed in time
dir: java_code_valid/data91 was not completed in time
dir: java_code_valid/data65 was not completed in time
dir: java_code_valid/data98 was not completed in time
dir: java_code_valid/data18 was not completed in time
dir: java_code_valid/data27 was not completed in time
dir: java_code_valid/data20 was not completed in time
dir: java_code_valid/data29 was not completed in time
dir: java_code_valid/data16 was not completed in time
dir: java_code_valid/data56 was not completed in time
dir: java_code_valid/data8 was not completed in time
dir: java_code_valid/data1 was not completed in time
dir: java_code_valid/data94 was not completed in time
dir: java_code_valid/data60 was not completed in time
dir: java_code_valid/data24 was not completed in time
dir: java_code_valid/data12 was not completed in time
dir: java_code_valid/data15 was not completed in time
dir: java_code_valid/data41 was not completed in time
dir: java_code_valid/data46 was not completed in time
dir: java_code_valid/data53 was not completed in time
dir: java_code_valid/data54 was not completed in time
dir: java_code_valid/data38 was not completed in time
dir: java_code_valid/data31 was not completed in time
dir: java_code_valid/data36 was not completed in time
dir: java_code_test/data21 was not completed in time
dir: java_code_test/data19 was not completed in time
dir: java_code_test/data26 was not completed in time
dir: java_code_test/data45 was not completed in time
dir: java_code_test/data42 was not completed in time
dir: java_code_test/data6 was not completed in time
dir: java_code_test/data58 was not completed in time
dir: java_code_test/data67 was not completed in time
dir: java_code_test/data93 was not completed in time
dir: java_code_test/data35 was not completed in time
dir: java_code_test/data48 was not completed in time
dir: java_code_test/data55 was not completed in time
dir: java_code_test/data99 was not completed in time
dir: java_code_test/data52 was not completed in time
dir: java_code_test/data5 was not completed in time
dir: java_code_test/data88 was not completed in time
dir: java_code_test/data44 was not completed in time
dir: java_code_test/data10 was not completed in time
dir: java_code_test/data28 was not completed in time
dir: java_code_test/data17 was not completed in time
dir: java_code_test/data22 was not completed in time
dir: java_code_test/data76 was not completed in time
dir: java_code_test/data82 was not completed in time
dir: java_code_test/data49 was not completed in time
dir: java_code_test/data85 was not completed in time
dir: java_code_test/data37 was not completed in time
dir: java_code_test/data30 was not completed in time
dir: java_code_test/data39 was not completed in time
dir: java_code_test/data3 was not completed in time
dir: java_code_test/data62 was not completed in time
dir: java_code_test/data86 was not completed in time
dir: java_code_test/data72 was not completed in time
dir: java_code_test/data75 was not completed in time
dir: java_code_test/data81 was not completed in time
dir: java_code_test/data43 was not completed in time
dir: java_code_test/data9 was not completed in time
dir: java_code_test/data50 was not completed in time
dir: java_code_test/data14 was not completed in time
dir: java_code_test/data13 was not completed in time
dir: java_code_test/data25 was not completed in time
dir: java_code_test/data64 was not completed in time
dir: java_code_test/data90 was not completed in time
dir: java_code_test/data2 was not completed in time
dir: java_code_test/data97 was not completed in time
dir: java_code_test/data63 was not completed in time
dir: java_code_test/data18 was not completed in time
dir: java_code_test/data27 was not completed in time
dir: java_code_test/data20 was not completed in time
dir: java_code_test/data29 was not completed in time
dir: java_code_test/data16 was not completed in time
dir: java_code_test/data56 was not completed in time
dir: java_code_test/data8 was not completed in time
dir: java_code_test/data1 was not completed in time
dir: java_code_test/data94 was not completed in time
dir: java_code_test/data60 was not completed in time
dir: java_code_test/data24 was not completed in time
dir: java_code_test/data12 was not completed in time
dir: java_code_test/data15 was not completed in time
dir: java_code_test/data41 was not completed in time
dir: java_code_test/data46 was not completed in time
dir: java_code_test/data89 was not completed in time
dir: java_code_test/data80 was not completed in time
dir: java_code_test/data74 was not completed in time
dir: java_code_test/data73 was not completed in time
dir: java_code_test/data87 was not completed in time
dir: java_code_test/data0 was not completed in time
dir: java_code_test/data61 was not completed in time
dir: java_code_test/data95 was not completed in time
dir: java_code_test/data68 was not completed in time
dir: java_code_test/data57 was not completed in time
dir: java_code_test/data79 was not completed in time
dir: java_code_test/data70 was not completed in time
dir: java_code_test/data84 was not completed in time
dir: java_code_test/data83 was not completed in time
dir: java_code_test/data77 was not completed in time
dir: java_code_test/data53 was not completed in time
dir: java_code_test/data54 was not completed in time
dir: java_code_test/data38 was not completed in time
dir: java_code_test/data31 was not completed in time
dir: java_code_test/data36 was not completed in time
dir: java_code_test/data11 was not completed in time
dir: java_code_test/data33 was not completed in time
dir: java_code_test/data34 was not completed in time
dir: java_code_test/data51 was not completed in time
dir: java_code_test/data69 was not completed in time
dir: java_code_test/data32 was not completed in time
dir: java_code_test/data7 was not completed in time
dir: java_code_test/data59 was not completed in time
dir: java_code_test/data92 was not completed in time
dir: java_code_test/data66 was not completed in time
dir: java_code_test/data71 was not completed in time
dir: java_code_test/data47 was not completed in time
dir: java_code_test/data78 was not completed in time
dir: java_code_test/data40 was not completed in time
dir: java_code_test/data23 was not completed in time
dir: java_code_test/data96 was not completed in time
dir: java_code_test/data4 was not completed in time
dir: java_code_test/data91 was not completed in time
dir: java_code_test/data65 was not completed in time
dir: java_code_test/data98 was not completed in time
dir: java_code_valid/data11 was not completed in time
dir: java_code_valid/data33 was not completed in time
dir: java_code_valid/data34 was not completed in time
dir: java_code_valid/data51 was not completed in time
dir: java_code_valid/data69 was not completed in time
dir: java_code_valid/data22 was not completed in time
dir: java_code_valid/data76 was not completed in time
dir: java_code_valid/data82 was not completed in time
dir: java_code_valid/data49 was not completed in time
dir: java_code_valid/data85 was not completed in time
dir: java_code_valid/data48 was not completed in time
dir: java_code_valid/data55 was not completed in time
dir: java_code_valid/data99 was not completed in time
dir: java_code_valid/data52 was not completed in time
dir: java_code_valid/data5 was not completed in time
dir: java_code_valid/data88 was not completed in time
dir: java_code_valid/data44 was not completed in time
dir: java_code_valid/data10 was not completed in time
dir: java_code_valid/data28 was not completed in time
dir: java_code_valid/data17 was not completed in time
dir: java_code_valid/data6 was not completed in time
dir: java_code_valid/data58 was not completed in time
dir: java_code_valid/data67 was not completed in time
dir: java_code_valid/data93 was not completed in time
dir: java_code_valid/data35 was not completed in time
dir: java_code_valid/data24 was not completed in time
dir: java_code_valid/data12 was not completed in time
dir: java_code_valid/data15 was not completed in time
dir: java_code_valid/data41 was not completed in time
dir: java_code_valid/data46 was not completed in time
dir: java_code_valid/data86 was not completed in time
dir: java_code_valid/data72 was not completed in time
dir: java_code_valid/data75 was not completed in time
dir: java_code_valid/data81 was not completed in time
dir: java_code_valid/data43 was not completed in time
dir: java_code_valid/data32 was not completed in time
dir: java_code_valid/data7 was not completed in time
dir: java_code_valid/data59 was not completed in time
dir: java_code_valid/data92 was not completed in time
dir: java_code_valid/data66 was not completed in time
dir: java_code_valid/data37 was not completed in time
dir: java_code_valid/data30 was not completed in time
dir: java_code_valid/data39 was not completed in time
dir: java_code_valid/data3 was not completed in time
dir: java_code_valid/data62 was not completed in time
dir: java_code_valid/data89 was not completed in time
dir: java_code_valid/data80 was not completed in time
dir: java_code_valid/data74 was not completed in time
dir: java_code_valid/data73 was not completed in time
dir: java_code_valid/data87 was not completed in time
dir: java_code_valid/data9 was not completed in time
dir: java_code_valid/data50 was not completed in time
dir: java_code_valid/data14 was not completed in time
dir: java_code_valid/data13 was not completed in time
dir: java_code_valid/data25 was not completed in time
dir: java_code_valid/data64 was not completed in time
dir: java_code_valid/data90 was not completed in time
dir: java_code_valid/data2 was not completed in time
dir: java_code_valid/data97 was not completed in time
dir: java_code_valid/data63 was not completed in time
dir: java_code_valid/data21 was not completed in time
dir: java_code_valid/data19 was not completed in time
dir: java_code_valid/data26 was not completed in time
dir: java_code_valid/data45 was not completed in time
dir: java_code_valid/data42 was not completed in time
dir: java_code_valid/data56 was not completed in time
dir: java_code_valid/data8 was not completed in time
dir: java_code_valid/data1 was not completed in time
dir: java_code_valid/data94 was not completed in time
dir: java_code_valid/data60 was not completed in time
dir: java_code_valid/data71 was not completed in time
dir: java_code_valid/data47 was not completed in time
dir: java_code_valid/data78 was not completed in time
dir: java_code_valid/data40 was not completed in time
dir: java_code_valid/data23 was not completed in time
dir: java_code_valid/data96 was not completed in time
dir: java_code_valid/data4 was not completed in time
dir: java_code_valid/data91 was not completed in time
dir: java_code_valid/data65 was not completed in time
dir: java_code_valid/data98 was not completed in time
dir: java_code_valid/data18 was not completed in time
dir: java_code_valid/data27 was not completed in time
dir: java_code_valid/data20 was not completed in time
dir: java_code_valid/data29 was not completed in time
dir: java_code_valid/data16 was not completed in time
dir: java_code_valid/data0 was not completed in time
dir: java_code_valid/data61 was not completed in time
dir: java_code_valid/data95 was not completed in time
dir: java_code_valid/data68 was not completed in time
dir: java_code_valid/data57 was not completed in time
dir: java_code_valid/data79 was not completed in time
dir: java_code_valid/data70 was not completed in time
dir: java_code_valid/data84 was not completed in time
dir: java_code_valid/data83 was not completed in time
dir: java_code_valid/data77 was not completed in time
dir: java_code_valid/data53 was not completed in time
dir: java_code_valid/data54 was not completed in time
dir: java_code_valid/data38 was not completed in time
dir: java_code_valid/data31 was not completed in time
dir: java_code_valid/data36 was not completed in time
dir: java_code_test/data21 was not completed in time
dir: java_code_test/data19 was not completed in time
dir: java_code_test/data26 was not completed in time
dir: java_code_test/data45 was not completed in time
dir: java_code_test/data42 was not completed in time
dir: java_code_test/data6 was not completed in time
dir: java_code_test/data58 was not completed in time
dir: java_code_test/data67 was not completed in time
dir: java_code_test/data93 was not completed in time
dir: java_code_test/data35 was not completed in time
dir: java_code_test/data79 was not completed in time
dir: java_code_test/data70 was not completed in time
dir: java_code_test/data84 was not completed in time
dir: java_code_test/data83 was not completed in time
dir: java_code_test/data77 was not completed in time
dir: java_code_test/data18 was not completed in time
dir: java_code_test/data27 was not completed in time
dir: java_code_test/data20 was not completed in time
dir: java_code_test/data29 was not completed in time
dir: java_code_test/data16 was not completed in time
dir: java_code_test/data9 was not completed in time
dir: java_code_test/data50 was not completed in time
dir: java_code_test/data14 was not completed in time
dir: java_code_test/data13 was not completed in time
dir: java_code_test/data25 was not completed in time
dir: java_code_test/data64 was not completed in time
dir: java_code_test/data90 was not completed in time
dir: java_code_test/data2 was not completed in time
dir: java_code_test/data97 was not completed in time
dir: java_code_test/data63 was not completed in time
dir: java_code_test/data86 was not completed in time
dir: java_code_test/data72 was not completed in time
dir: java_code_test/data75 was not completed in time
dir: java_code_test/data81 was not completed in time
dir: java_code_test/data43 was not completed in time
dir: java_code_test/data0 was not completed in time
dir: java_code_test/data61 was not completed in time
dir: java_code_test/data95 was not completed in time
dir: java_code_test/data68 was not completed in time
dir: java_code_test/data57 was not completed in time
dir: java_code_test/data48 was not completed in time
dir: java_code_test/data55 was not completed in time
dir: java_code_test/data99 was not completed in time
dir: java_code_test/data52 was not completed in time
dir: java_code_test/data5 was not completed in time
dir: java_code_test/data11 was not completed in time
dir: java_code_test/data33 was not completed in time
dir: java_code_test/data34 was not completed in time
dir: java_code_test/data51 was not completed in time
dir: java_code_test/data69 was not completed in time
dir: java_code_test/data22 was not completed in time
dir: java_code_test/data76 was not completed in time
dir: java_code_test/data82 was not completed in time
dir: java_code_test/data49 was not completed in time
dir: java_code_test/data85 was not completed in time
dir: java_code_test/data37 was not completed in time
dir: java_code_test/data30 was not completed in time
dir: java_code_test/data39 was not completed in time
dir: java_code_test/data3 was not completed in time
dir: java_code_test/data62 was not completed in time
dir: java_code_test/data88 was not completed in time
dir: java_code_test/data44 was not completed in time
dir: java_code_test/data10 was not completed in time
dir: java_code_test/data28 was not completed in time
dir: java_code_test/data17 was not completed in time
dir: java_code_test/data32 was not completed in time
dir: java_code_test/data7 was not completed in time
dir: java_code_test/data59 was not completed in time
dir: java_code_test/data92 was not completed in time
dir: java_code_test/data66 was not completed in time
dir: java_code_test/data24 was not completed in time
dir: java_code_test/data12 was not completed in time
dir: java_code_test/data15 was not completed in time
dir: java_code_test/data41 was not completed in time
dir: java_code_test/data46 was not completed in time
dir: java_code_test/data96 was not completed in time
dir: java_code_test/data4 was not completed in time
dir: java_code_test/data91 was not completed in time
dir: java_code_test/data65 was not completed in time
dir: java_code_test/data98 was not completed in time
dir: java_code_test/data89 was not completed in time
dir: java_code_test/data80 was not completed in time
dir: java_code_test/data74 was not completed in time
dir: java_code_test/data73 was not completed in time
dir: java_code_test/data87 was not completed in time
dir: java_code_test/data56 was not completed in time
dir: java_code_test/data8 was not completed in time
dir: java_code_test/data1 was not completed in time
dir: java_code_test/data94 was not completed in time
dir: java_code_test/data60 was not completed in time
dir: java_code_test/data71 was not completed in time
dir: java_code_test/data47 was not completed in time
dir: java_code_test/data78 was not completed in time
dir: java_code_test/data40 was not completed in time
dir: java_code_test/data23 was not completed in time
dir: java_code_test/data53 was not completed in time
dir: java_code_test/data54 was not completed in time
dir: java_code_test/data38 was not completed in time
dir: java_code_test/data31 was not completed in time
dir: java_code_test/data36 was not completed in time
b'java.util.concurrent.ExecutionException: com.github.javaparser.ParseProblemException: Encountered unexpected token: "Set" <IDENTIFIER>\n    at line 3, column 28.\n\nWas expecting one of:\n\n    ")"\n    ","\n    "@"\n    "["\n\n\n\tat java.util.concurrent.FutureTask.report(FutureTask.java:122)\n\tat java.util.concurrent.FutureTask.get(FutureTask.java:192)\n\tat JavaExtractor.App.lambda$extractDir$3(App.java:59)\n\tat java.util.ArrayList.forEach(ArrayList.java:1257)\n\tat JavaExtractor.App.extractDir(App.java:57)\n\tat JavaExtractor.App.main(App.java:32)\nCaused by: com.github.javaparser.ParseProblemException: Encountered unexpected token: "Set" <IDENTIFIER>\n    at line 3, column 28.\n\nWas expecting one of:\n\n    ")"\n    ","\n    "@"\n    "["\n\n\n\tat com.github.javaparser.JavaParser.simplifiedParse(JavaParser.java:242)\n\tat com.github.javaparser.JavaParser.parse(JavaParser.java:210)\n\tat JavaExtractor.FeatureExtractor.parseFileWithRetries(FeatureExtractor.java:73)\n\tat JavaExtractor.FeatureExtractor.extractFeatures(FeatureExtractor.java:45)\n\tat JavaExtractor.ExtractFeaturesTask.extractSingleFile(ExtractFeaturesTask.java:78)\n\tat JavaExtractor.ExtractFeaturesTask.processFile(ExtractFeaturesTask.java:35)\n\tat JavaExtractor.ExtractFeaturesTask.call(ExtractFeaturesTask.java:28)\n\tat JavaExtractor.ExtractFeaturesTask.call(ExtractFeaturesTask.java:17)\n\tat java.util.concurrent.FutureTask.run(FutureTask.java:266)\n\tat java.util.concurrent.ThreadPoolExecutor.runWorker(ThreadPoolExecutor.java:1149)\n\tat java.util.concurrent.ThreadPoolExecutor$Worker.run(ThreadPoolExecutor.java:624)\n\tat java.lang.Thread.run(Thread.java:748)\n'
b'java.util.concurrent.ExecutionException: com.github.javaparser.ParseProblemException: Encountered unexpected token: ")" ")"\n    at line 1, column 79.\n\nWas expecting one of:\n\n    "..."\n    <IDENTIFIER>\n\n\n\tat java.util.concurrent.FutureTask.report(FutureTask.java:122)\n\tat java.util.concurrent.FutureTask.get(FutureTask.java:192)\n\tat JavaExtractor.App.lambda$extractDir$3(App.java:59)\n\tat java.util.ArrayList.forEach(ArrayList.java:1257)\n\tat JavaExtractor.App.extractDir(App.java:57)\n\tat JavaExtractor.App.main(App.java:32)\nCaused by: com.github.javaparser.ParseProblemException: Encountered unexpected token: ")" ")"\n    at line 1, column 79.\n\nWas expecting one of:\n\n    "..."\n    <IDENTIFIER>\n\n\n\tat com.github.javaparser.JavaParser.simplifiedParse(JavaParser.java:242)\n\tat com.github.javaparser.JavaParser.parse(JavaParser.java:210)\n\tat JavaExtractor.FeatureExtractor.parseFileWithRetries(FeatureExtractor.java:73)\n\tat JavaExtractor.FeatureExtractor.extractFeatures(FeatureExtractor.java:45)\n\tat JavaExtractor.ExtractFeaturesTask.extractSingleFile(ExtractFeaturesTask.java:78)\n\tat JavaExtractor.ExtractFeaturesTask.processFile(ExtractFeaturesTask.java:35)\n\tat JavaExtractor.ExtractFeaturesTask.call(ExtractFeaturesTask.java:28)\n\tat JavaExtractor.ExtractFeaturesTask.call(ExtractFeaturesTask.java:17)\n\tat java.util.concurrent.FutureTask.run(FutureTask.java:266)\n\tat java.util.concurrent.ThreadPoolExecutor.runWorker(ThreadPoolExecutor.java:1149)\n\tat java.util.concurrent.ThreadPoolExecutor$Worker.run(ThreadPoolExecutor.java:624)\n\tat java.lang.Thread.run(Thread.java:748)\n'
b'java.util.concurrent.ExecutionException: com.github.javaparser.ParseProblemException: Encountered unexpected token: "new" "new"\n    at line 2, column 29.\n\nWas expecting one of:\n\n    "%="\n    "&="\n    "("\n    "*="\n    "++"\n    "+="\n    "--"\n    "-="\n    "->"\n    "/="\n    "::"\n    ";"\n    "<<="\n    "="\n    ">>="\n    ">>>="\n    "^="\n    "|="\n\n\n\tat java.util.concurrent.FutureTask.report(FutureTask.java:122)\n\tat java.util.concurrent.FutureTask.get(FutureTask.java:192)\n\tat JavaExtractor.App.lambda$extractDir$3(App.java:59)\n\tat java.util.ArrayList.forEach(ArrayList.java:1257)\n\tat JavaExtractor.App.extractDir(App.java:57)\n\tat JavaExtractor.App.main(App.java:32)\nCaused by: com.github.javaparser.ParseProblemException: Encountered unexpected token: "new" "new"\n    at line 2, column 29.\n\nWas expecting one of:\n\n    "%="\n    "&="\n    "("\n    "*="\n    "++"\n    "+="\n    "--"\n    "-="\n    "->"\n    "/="\n    "::"\n    ";"\n    "<<="\n    "="\n    ">>="\n    ">>>="\n    "^="\n    "|="\n\n\n\tat com.github.javaparser.JavaParser.simplifiedParse(JavaParser.java:242)\n\tat com.github.javaparser.JavaParser.parse(JavaParser.java:210)\n\tat JavaExtractor.FeatureExtractor.parseFileWithRetries(FeatureExtractor.java:73)\n\tat JavaExtractor.FeatureExtractor.extractFeatures(FeatureExtractor.java:45)\n\tat JavaExtractor.ExtractFeaturesTask.extractSingleFile(ExtractFeaturesTask.java:78)\n\tat JavaExtractor.ExtractFeaturesTask.processFile(ExtractFeaturesTask.java:35)\n\tat JavaExtractor.ExtractFeaturesTask.call(ExtractFeaturesTask.java:28)\n\tat JavaExtractor.ExtractFeaturesTask.call(ExtractFeaturesTask.java:17)\n\tat java.util.concurrent.FutureTask.run(FutureTask.java:266)\n\tat java.util.concurrent.ThreadPoolExecutor.runWorker(ThreadPoolExecutor.java:1149)\n\tat java.util.concurrent.ThreadPoolExecutor$Worker.run(ThreadPoolExecutor.java:624)\n\tat java.lang.Thread.run(Thread.java:748)\n'
b'java.util.concurrent.ExecutionException: com.github.javaparser.ParseProblemException: Encountered unexpected token: "void" "void"\n    at line 1, column 36.\n\nWas expecting one of:\n\n    <IDENTIFIER>\n\n\n\tat java.util.concurrent.FutureTask.report(FutureTask.java:122)\n\tat java.util.concurrent.FutureTask.get(FutureTask.java:192)\n\tat JavaExtractor.App.lambda$extractDir$3(App.java:59)\n\tat java.util.ArrayList.forEach(ArrayList.java:1257)\n\tat JavaExtractor.App.extractDir(App.java:57)\n\tat JavaExtractor.App.main(App.java:32)\nCaused by: com.github.javaparser.ParseProblemException: Encountered unexpected token: "void" "void"\n    at line 1, column 36.\n\nWas expecting one of:\n\n    <IDENTIFIER>\n\n\n\tat com.github.javaparser.JavaParser.simplifiedParse(JavaParser.java:242)\n\tat com.github.javaparser.JavaParser.parse(JavaParser.java:210)\n\tat JavaExtractor.FeatureExtractor.parseFileWithRetries(FeatureExtractor.java:73)\n\tat JavaExtractor.FeatureExtractor.extractFeatures(FeatureExtractor.java:45)\n\tat JavaExtractor.ExtractFeaturesTask.extractSingleFile(ExtractFeaturesTask.java:78)\n\tat JavaExtractor.ExtractFeaturesTask.processFile(ExtractFeaturesTask.java:35)\n\tat JavaExtractor.ExtractFeaturesTask.call(ExtractFeaturesTask.java:28)\n\tat JavaExtractor.ExtractFeaturesTask.call(ExtractFeaturesTask.java:17)\n\tat java.util.concurrent.FutureTask.run(FutureTask.java:266)\n\tat java.util.concurrent.ThreadPoolExecutor.runWorker(ThreadPoolExecutor.java:1149)\n\tat java.util.concurrent.ThreadPoolExecutor$Worker.run(ThreadPoolExecutor.java:624)\n\tat java.lang.Thread.run(Thread.java:748)\n'
b'java.util.concurrent.ExecutionException: com.github.javaparser.ParseProblemException: Encountered unexpected token: "VAR0tVAR0nInternVAR0l" <IDENTIFIER>\n    at line 1, column 44.\n\nWas expecting:\n\n    "("\n\n\n\tat java.util.concurrent.FutureTask.report(FutureTask.java:122)\n\tat java.util.concurrent.FutureTask.get(FutureTask.java:192)\n\tat JavaExtractor.App.lambda$extractDir$3(App.java:59)\n\tat java.util.ArrayList.forEach(ArrayList.java:1257)\n\tat JavaExtractor.App.extractDir(App.java:57)\n\tat JavaExtractor.App.main(App.java:32)\nCaused by: com.github.javaparser.ParseProblemException: Encountered unexpected token: "VAR0tVAR0nInternVAR0l" <IDENTIFIER>\n    at line 1, column 44.\n\nWas expecting:\n\n    "("\n\n\n\tat com.github.javaparser.JavaParser.simplifiedParse(JavaParser.java:242)\n\tat com.github.javaparser.JavaParser.parse(JavaParser.java:210)\n\tat JavaExtractor.FeatureExtractor.parseFileWithRetries(FeatureExtractor.java:73)\n\tat JavaExtractor.FeatureExtractor.extractFeatures(FeatureExtractor.java:45)\n\tat JavaExtractor.ExtractFeaturesTask.extractSingleFile(ExtractFeaturesTask.java:78)\n\tat JavaExtractor.ExtractFeaturesTask.processFile(ExtractFeaturesTask.java:35)\n\tat JavaExtractor.ExtractFeaturesTask.call(ExtractFeaturesTask.java:28)\n\tat JavaExtractor.ExtractFeaturesTask.call(ExtractFeaturesTask.java:17)\n\tat java.util.concurrent.FutureTask.run(FutureTask.java:266)\n\tat java.util.concurrent.ThreadPoolExecutor.runWorker(ThreadPoolExecutor.java:1149)\n\tat java.util.concurrent.ThreadPoolExecutor$Worker.run(ThreadPoolExecutor.java:624)\n\tat java.lang.Thread.run(Thread.java:748)\n'
